Start (p += p)... 
        Finished.
Time: 0.88usec
Start (p -= p)... 
        Finished.
Time: 0.45usec
Start (p *= p)... 
        Finished.
Time: 1.77usec
Start (p += q)... 
        Finished.
Time: 0.58usec
Start (p -= q)... 
        Finished.
Time: 0.95usec
Start (p *= q)... 
        Finished.
Time: 0.97usec
Start (p /= q)... 
        Finished.
Time: 3.6usec
Start (G *= 1)... 
        Finished.
Time: 1.09usec
Start (G *= 2)... 
        Finished.
Time: 45.97usec
Start (G *= 3)... 
        Finished.
Time: 168.51usec

